2013-04-08 10:37:11 /data/test_dir/1173588.0.jpg successfully 
2013-04-08 10:37:21 /data/test_dir/1173588.0.jpg successfully 
2013-04-08 12:58:00 /home/quang/tranhtheu/tranhtheu_files/UploadFileProductsImageThumbnailHQ522.jpg successfully 
2013-04-08 12:58:00 /home/quang/tranhtheu/tranhtheu_files/UploadFileProductsImageThumbnailgfd.jpg successfully 
2013-04-08 12:58:00 /home/quang/tranhtheu/tranhtheu_files/UploadFileProductsImageThumbnailHQ1041.jpg successfully 
2013-04-08 12:58:01 /home/quang/tranhtheu/tranhtheu_files/cmt8nho.jpg successfully 
2013-04-08 12:58:01 /home/quang/tranhtheu/tranhtheu_files/UploadFileProductsImageThumbnailYHD0240%20copy.jpg successfully 
2013-04-08 12:58:01 /home/quang/tranhtheu/tranhtheu_files/UploadFileProductsImageThumbnail10510.jpg successfully 
2013-04-08 12:58:02 /home/quang/tranhtheu/tranhtheu_files/UploadFileProductsImageThumbnail10235112x56.jpg successfully 
2013-04-08 12:58:02 /home/quang/tranhtheu/tranhtheu_files/UploadFileProductsImageThumbnailhhhh.jpg successfully 
2013-04-08 12:58:03 /home/quang/tranhtheu/tranhtheu_files/UploadFileProductsImageThumbnailfdg.jpg successfully 
2013-04-08 12:58:04 /home/quang/tranhtheu/tranhtheu_files/UploadFileProductsImageThumbnailDLHYZ414.jpg successfully 
2013-04-08 12:58:04 /home/quang/tranhtheu/tranhtheu_files/caobanhanho.jpg successfully 
2013-04-08 12:58:05 /home/quang/tranhtheu/tranhtheu_files/UploadFileProductsImageThumbnail1049247x33.jpg successfully 
2013-04-08 12:58:05 /home/quang/tranhtheu/tranhtheu_files/UploadFileProductsImageThumbnail222064.jpg successfully 
2013-04-08 12:58:06 /home/quang/tranhtheu/tranhtheu_files/UploadFileProductsImageThumbnailDLHYF283.jpg successfully 
2013-04-08 12:58:06 /home/quang/tranhtheu/tranhtheu_files/likebox_data/157771_1823052741_424369504_q.jpg successfully 
2013-04-08 12:58:06 /home/quang/tranhtheu/tranhtheu_files/UploadFileProductsImageThumbnailtranh%2520theu%2520chu%2520t.jpg successfully 
2013-04-08 12:58:07 /home/quang/tranhtheu/tranhtheu_files/likebox_data/371638_100000423823854_1040442440_q.jpg successfully 
2013-04-08 12:58:07 /home/quang/tranhtheu/tranhtheu_files/likebox_data/157721_100000322972126_291942469_q.jpg successfully 
2013-04-08 12:58:07 /home/quang/tranhtheu/tranhtheu_files/321.jpg successfully 
2013-04-08 12:58:07 /home/quang/tranhtheu/tranhtheu_files/likebox_data/70770_100003743161265_1338201004_q.jpg successfully 
2013-04-08 12:58:08 /home/quang/tranhtheu/tranhtheu_files/likebox_data/275403_100003870219198_1183584750_q.jpg successfully 
2013-04-08 12:58:08 /home/quang/tranhtheu/tranhtheu_files/likebox_data/369731_100005076550356_1839788883_q.jpg successfully 
2013-04-08 12:58:08 /home/quang/tranhtheu/tranhtheu_files/likebox_data/623595_100000288311761_779029473_q.jpg successfully 
2013-04-08 12:58:08 /home/quang/tranhtheu/tranhtheu_files/likebox_data/275846_1541349095_1371413674_q.jpg successfully 
2013-04-08 12:58:08 /home/quang/tranhtheu/tranhtheu_files/likebox_data/275968_100000330600697_730054511_q.jpg successfully 
2013-04-08 12:58:08 /home/quang/tranhtheu/tranhtheu_files/likebox_data/274983_100003894508293_97356274_q.jpg successfully 
2013-04-08 12:58:09 /home/quang/tranhtheu/tranhtheu_files/likebox_data/275059_100004004959158_1396046011_q.jpg successfully 
2013-04-08 12:58:09 /home/quang/tranhtheu/tranhtheu_files/likebox_data/275336_100002953121982_787663840_q.jpg successfully 
2013-04-08 12:58:09 /home/quang/tranhtheu/tranhtheu_files/likebox_data/572368_100005615259810_2025747934_q.jpg successfully 
2013-04-08 12:58:09 /home/quang/tranhtheu/tranhtheu_files/likebox_data/195300_100001883113529_636035206_q.jpg successfully 
2013-04-08 12:58:10 /home/quang/tranhtheu/tranhtheu_files/likebox_data/370034_100005294760469_102774457_q.jpg successfully 
2013-04-08 12:58:10 /home/quang/tranhtheu/tranhtheu_files/likebox_data/28891_557986730878992_2121237998_t.jpg successfully 
2013-04-08 12:58:11 /home/quang/tranhtheu/tranhtheu_files/lnd2.jpg successfully 
2013-04-08 12:58:11 /home/quang/tranhtheu/tranhtheu_files/UploadFileProductsImageThumbnailnoi-that-phong-ngu-6.jpg successfully 
2013-04-08 12:58:12 /home/quang/tranhtheu/tranhtheu_files/bt2.jpg successfully 
2013-04-08 12:58:13 /home/quang/tranhtheu/tranhtheu_files/UploadFileProductsImageThumbnailDLHYZ561.jpg successfully 
2013-04-08 12:58:13 /home/quang/tranhtheu/tranhtheu_files/UploadFileProductsImageThumbnailyhd0705.jpg successfully 
2013-04-08 12:58:14 /home/quang/tranhtheu/tranhtheu_files/UploadFileProductsImageThumbnailtreo-phong-an.jpg successfully 
2013-04-08 12:58:14 /home/quang/tranhtheu/tranhtheu_files/UploadFileProductsImageThumbnailEH3D0048.jpg successfully 
2013-04-08 12:58:15 /home/quang/tranhtheu/tranhtheu_files/UploadFileProductsImageThumbnailp3d1206.jpg successfully 
2013-04-08 12:58:16 /home/quang/tranhtheu/tranhtheu_files/UploadFileProductsImageThumbnailP3D4404.jpg successfully 
2013-04-08 12:58:16 /home/quang/tranhtheu/tranhtheu_files/Timemart20nho2.jpg successfully 
2013-04-08 12:58:17 /home/quang/tranhtheu/tranhtheu_files/UploadFileProductsImageThumbnailh3d070.jpg successfully 
2013-04-08 12:58:18 /home/quang/tranhtheu/tranhtheu_files/UploadFileProductsImageThumbnailma%2520dao%2520thanh%2520con.jpg successfully 
2013-04-08 12:58:18 /home/quang/tranhtheu/tranhtheu_files/ds.jpg successfully 
2013-04-08 12:58:18 /home/quang/tranhtheu/tranhtheu_files/UploadFileProductsImageThumbnailyhd8027.jpg successfully 
2013-04-08 12:58:18 /home/quang/tranhtheu/tranhtheu_files/likebox_data/275429_100003907904742_1176179988_q.jpg failed 
2013-04-08 12:58:19 /home/quang/tranhtheu/tranhtheu_files/UploadFileProductsImageThumbnail222025.jpg successfully 
2013-04-08 12:58:19 /home/quang/tranhtheu/tranhtheu_files/UploadFileProductsImageThumbnail222010.jpg successfully 
2013-04-08 12:58:20 /home/quang/tranhtheu/tranhtheu_files/UploadFileProductsImageThumbnail222065.jpg successfully 
